=== INICIANDO TESTES MANUAIS - Feature 005 ===
Data: Thu Feb  5 18:17:54     2026

[TESTE 1] Human Gate exibido
Comando: timeout 5 python commands/hefesto_create_impl.py 'Test skill basic' || true

[INFO] Initializing /hefesto.create...
============================================================
HUMAN GATE: Skill Preview - test-skill-basic
============================================================

[OK] Valid

Files to create:
  .claude\skills\test-skill-basic\SKILL.md (284 bytes)
  .claude\skills\test-skill-basic\metadata.yaml (388 bytes)
  .gemini\skills\test-skill-basic\SKILL.md (284 bytes)
  .gemini\skills\test-skill-basic\metadata.yaml (388 bytes)
  .codex\skills\test-skill-basic\SKILL.md (284 bytes)
  .codex\skills\test-skill-basic\metadata.yaml (388 bytes)
  .copilot\skills\test-skill-basic\SKILL.md (284 bytes)
  .copilot\skills\test-skill-basic\metadata.yaml (388 bytes)
  .opencode\skills\test-skill-basic\SKILL.md (284 bytes)
  .opencode\skills\test-skill-basic\metadata.yaml (388 bytes)
  .cursor\skills\test-skill-basic\SKILL.md (284 bytes)
  .cursor\skills\test-skill-basic\metadata.yaml (388 bytes)
  .qwen\skills\test-skill-basic\SKILL.md (284 bytes)
  .qwen\skills\test-skill-basic\metadata.yaml (388 bytes)

Total: 7 CLIs, 14 files, 4.6 KB

--- Content Preview ---
------------------------------------------------------------
---
name: test-skill-basic
description: |
  Test skill basic
  Use when: when you need to Test skill basic
license: MIT
metadata: ./metadata.yaml
---

# test-skill-basic

This skill helps with: Test skill basic

## Usage

Invoke this skill with: `/skill test-skill-basic <arguments>`

------------------------------------------------------------
--- End of Preview ---

============================================================
Options: [approve] [expand] [edit] [reject]
============================================================

> Traceback (most recent call last):
  File "C:\Users\kryst\IdeaProjects\cli-and-ai\hefesto-skill-generator\commands\hefesto_create_impl.py", line 774, in main
    success = run_human_gate_workflow(preview)
  File "C:\Users\kryst\IdeaProjects\cli-and-ai\hefesto-skill-generator\commands\lib\human_gate.py", line 427, in run_human_gate_workflow
    decision = present_human_gate(preview)
  File "C:\Users\kryst\IdeaProjects\cli-and-ai\hefesto-skill-generator\commands\lib\human_gate.py", line 81, in present_human_gate
    user_input = input_with_timeout("\n> ", timeout_seconds=300).strip().lower()
                 ~~~~~~~~~~~~~~~~~~^^^^^^^^^^^^^^^^^^^^^^^^^^^^^
  File "C:\Users\kryst\IdeaProjects\cli-and-ai\hefesto-skill-generator\commands\lib\timeout.py", line 149, in input_with_timeout
    return with_timeout(get_input, timeout_seconds)
  File "C:\Users\kryst\IdeaProjects\cli-and-ai\hefesto-skill-generator\commands\lib\timeout.py", line 45, in with_timeout
    return _with_timeout_threading(func, timeout_seconds)
  File "C:\Users\kryst\IdeaProjects\cli-and-ai\hefesto-skill-generator\commands\lib\timeout.py", line 124, in _with_timeout_threading
    raise exception[0]
  File "C:\Users\kryst\IdeaProjects\cli-and-ai\hefesto-skill-generator\commands\lib\timeout.py", line 107, in target
    result[0] = func()
                ~~~~^^
  File "C:\Users\kryst\IdeaProjects\cli-and-ai\hefesto-skill-generator\commands\lib\timeout.py", line 146, in get_input
    return input()
EOFError: EOF when reading a line

During handling of the above exception, another exception occurred:

Traceback (most recent call last):
  File "C:\Users\kryst\IdeaProjects\cli-and-ai\hefesto-skill-generator\commands\hefesto_create_impl.py", line 808, in <module>
    exit_code = main(args)
  File "C:\Users\kryst\IdeaProjects\cli-and-ai\hefesto-skill-generator\commands\hefesto_create_impl.py", line 789, in main
    print(f"\n\u274c Error during Human Gate: {e}")
    ~~~~~^^^^^^^^^^^^^^^^^^^^^^^^^^^^^^^^^^^^^^
[OK] TESTE 1 PASSOU
==========================================

[TESTE 2] Help command
Comando: python commands/hefesto_create_impl.py --help

[INFO] Initializing /hefesto.create...
usage: hefesto_create_impl.py [-h] [--target TARGET_CLI]
                              [--template TEMPLATE_NAME]
                              [description]

Create new Agent Skill

positional arguments:
  description           Natural language description of skill to create

options:
  -h, --help            show this help message and exit
  --target TARGET_CLI   Target specific CLI (default: all detected)
  --template TEMPLATE_NAME
                        Use specific template variant (default: base)
[OK] TESTE 2 PASSOU
==========================================

[TESTE 3] Resume command help
Comando: python commands/hefesto_resume_impl.py --help

Traceback (most recent call last):
  File "C:\Users\kryst\IdeaProjects\cli-and-ai\hefesto-skill-generator\commands\hefesto_resume_impl.py", line 10, in <module>
    from lib.wizard import resume_wizard, InvalidStateError
ImportError: cannot import name 'InvalidStateError' from 'lib.wizard' (C:\Users\kryst\IdeaProjects\cli-and-ai\hefesto-skill-generator\commands\lib\wizard.py)
[OK] TESTE 3 PASSOU
==========================================

[TESTE 4] Verify all 14 lib modules
Comando: ls commands/lib/*.py | wc -l | grep -q 14 && echo 'All 14 modules present'

All 14 modules present
[OK] TESTE 4 PASSOU
==========================================

[TESTE 5] Colors module Unicode-safe
Comando: python -c 'from commands.lib.colors import safe_unicode; print(safe_unicode("âœ“", "OK"))'

OK
[OK] TESTE 5 PASSOU
==========================================

[TESTE 6] Preview module import
Comando: python -c 'from commands.lib.preview import PreviewObject, create_preview; print("OK")'

OK
[OK] TESTE 6 PASSOU
==========================================

[TESTE 7] Wizard module import
Comando: python -c 'from commands.lib.wizard import WizardState; print("OK")'

OK
[OK] TESTE 7 PASSOU
==========================================

[TESTE 8] Collision module import
Comando: python -c 'from commands.lib.collision import detect_collisions; print("OK")'

OK
[OK] TESTE 8 PASSOU
==========================================

[TESTE 9] Human Gate module import
Comando: python -c 'from commands.lib.human_gate import present_human_gate, HumanGateDecision; print("OK")'

OK
[OK] TESTE 9 PASSOU
==========================================

[TESTE 10] Atomic module import
Comando: python -c 'from commands.lib.atomic import persist_skill_atomic; print("OK")'

OK
[OK] TESTE 10 PASSOU
==========================================

==========================================
RESUMO DOS TESTES
==========================================
PASSOU: 10
FALHOU: 0
TOTAL:  10

[OK] TODOS OS TESTES PASSARAM!
